2026-06-10 18:54:21,331 [INFO] 🤖 Connecting to Google Sheets …
2026-06-10 18:54:24,075 [INFO] 🚀 Starting Telegram bot …
/Users/kyawyelwin/kot-pjs/alineaintelegrambot/voucher_flow.py:635: PTBUserWarning: If 'per_message=False', 'CallbackQueryHandler' will not be tracked for every message. Read this FAQ entry to learn more about the per_* settings: https://github.com/python-telegram-bot/python-telegram-bot/wiki/Frequently-Asked-Questions#what-do-the-per_-settings-in-conversationhandler-do.
  return ConversationHandler(
2026-06-10 18:54:24,180 [INFO] ✅ Bot is running! Send /start to begin.
2026-06-10 18:54:25,054 [INFO] HTTP Request: POST https://api.telegram.org/bot8671642786:AAEdXZhmLboGWbHOxMLoR1SBH2aFYX7vkXY/getMe "HTTP/1.1 200 OK"
2026-06-10 18:54:25,345 [INFO] HTTP Request: POST https://api.telegram.org/bot8671642786:AAEdXZhmLboGWbHOxMLoR1SBH2aFYX7vkXY/deleteWebhook "HTTP/1.1 200 OK"
2026-06-10 18:54:25,348 [INFO] Application started
2026-06-10 18:54:30,497 [INFO] HTTP Request: POST https://api.telegram.org/bot8671642786:AAEdXZhmLboGWbHOxMLoR1SBH2aFYX7vkXY/getUpdates "HTTP/1.1 409 Conflict"
2026-06-10 18:54:30,499 [ERROR] No error handlers are registered, logging exception.
Traceback (most recent call last):
  File "/Users/kyawyelwin/kot-pjs/alineaintelegrambot/venv/lib/python3.13/site-packages/telegram/ext/_updater.py", line 750, in _network_loop_retry
    if not await do_action():
           ^^^^^^^^^^^^^^^^^
  File "/Users/kyawyelwin/kot-pjs/alineaintelegrambot/venv/lib/python3.13/site-packages/telegram/ext/_updater.py", line 744, in do_action
    return action_cb_task.result()
           ~~~~~~~~~~~~~~~~~~~~~^^
  File "/Users/kyawyelwin/kot-pjs/alineaintelegrambot/venv/lib/python3.13/site-packages/telegram/ext/_updater.py", line 371, in polling_action_cb
    updates = await self.bot.get_updates(
              ^^^^^^^^^^^^^^^^^^^^^^^^^^^
    ...<7 lines>...
    )
    ^
  File "/Users/kyawyelwin/kot-pjs/alineaintelegrambot/venv/lib/python3.13/site-packages/telegram/ext/_extbot.py", line 650, in get_updates
    updates = await super().get_updates(
              ^^^^^^^^^^^^^^^^^^^^^^^^^^
    ...<9 lines>...
    )
    ^
  File "/Users/kyawyelwin/kot-pjs/alineaintelegrambot/venv/lib/python3.13/site-packages/telegram/_bot.py", line 4480, in get_updates
    await self._post(
    ^^^^^^^^^^^^^^^^^
    ...<7 lines>...
    ),
    ^
  File "/Users/kyawyelwin/kot-pjs/alineaintelegrambot/venv/lib/python3.13/site-packages/telegram/_bot.py", line 619, in _post
    return await self._do_post(
           ^^^^^^^^^^^^^^^^^^^^
    ...<6 lines>...
    )
    ^
  File "/Users/kyawyelwin/kot-pjs/alineaintelegrambot/venv/lib/python3.13/site-packages/telegram/ext/_extbot.py", line 354, in _do_post
    return await super()._do_post(
           ^^^^^^^^^^^^^^^^^^^^^^^
    ...<6 lines>...
    )
    ^
  File "/Users/kyawyelwin/kot-pjs/alineaintelegrambot/venv/lib/python3.13/site-packages/telegram/_bot.py", line 648, in _do_post
    result = await request.post(
             ^^^^^^^^^^^^^^^^^^^
    ...<6 lines>...
    )
    ^
  File "/Users/kyawyelwin/kot-pjs/alineaintelegrambot/venv/lib/python3.13/site-packages/telegram/request/_baserequest.py", line 202, in post
    result = await self._request_wrapper(
             ^^^^^^^^^^^^^^^^^^^^^^^^^^^^
    ...<7 lines>...
    )
    ^
  File "/Users/kyawyelwin/kot-pjs/alineaintelegrambot/venv/lib/python3.13/site-packages/telegram/request/_baserequest.py", line 385, in _request_wrapper
    raise Conflict(message)
telegram.error.Conflict: Conflict: terminated by other getUpdates request; make sure that only one bot instance is running
2026-06-10 18:54:36,582 [INFO] HTTP Request: POST https://api.telegram.org/bot8671642786:AAEdXZhmLboGWbHOxMLoR1SBH2aFYX7vkXY/getUpdates "HTTP/1.1 409 Conflict"
2026-06-10 18:54:36,584 [ERROR] No error handlers are registered, logging exception.
Traceback (most recent call last):
  File "/Users/kyawyelwin/kot-pjs/alineaintelegrambot/venv/lib/python3.13/site-packages/telegram/ext/_updater.py", line 750, in _network_loop_retry
    if not await do_action():
           ^^^^^^^^^^^^^^^^^
  File "/Users/kyawyelwin/kot-pjs/alineaintelegrambot/venv/lib/python3.13/site-packages/telegram/ext/_updater.py", line 744, in do_action
    return action_cb_task.result()
           ~~~~~~~~~~~~~~~~~~~~~^^
  File "/Users/kyawyelwin/kot-pjs/alineaintelegrambot/venv/lib/python3.13/site-packages/telegram/ext/_updater.py", line 371, in polling_action_cb
    updates = await self.bot.get_updates(
              ^^^^^^^^^^^^^^^^^^^^^^^^^^^
    ...<7 lines>...
    )
    ^
  File "/Users/kyawyelwin/kot-pjs/alineaintelegrambot/venv/lib/python3.13/site-packages/telegram/ext/_extbot.py", line 650, in get_updates
    updates = await super().get_updates(
              ^^^^^^^^^^^^^^^^^^^^^^^^^^
    ...<9 lines>...
    )
    ^
  File "/Users/kyawyelwin/kot-pjs/alineaintelegrambot/venv/lib/python3.13/site-packages/telegram/_bot.py", line 4480, in get_updates
    await self._post(
    ^^^^^^^^^^^^^^^^^
    ...<7 lines>...
    ),
    ^
  File "/Users/kyawyelwin/kot-pjs/alineaintelegrambot/venv/lib/python3.13/site-packages/telegram/_bot.py", line 619, in _post
    return await self._do_post(
           ^^^^^^^^^^^^^^^^^^^^
    ...<6 lines>...
    )
    ^
  File "/Users/kyawyelwin/kot-pjs/alineaintelegrambot/venv/lib/python3.13/site-packages/telegram/ext/_extbot.py", line 354, in _do_post
    return await super()._do_post(
           ^^^^^^^^^^^^^^^^^^^^^^^
    ...<6 lines>...
    )
    ^
  File "/Users/kyawyelwin/kot-pjs/alineaintelegrambot/venv/lib/python3.13/site-packages/telegram/_bot.py", line 648, in _do_post
    result = await request.post(
             ^^^^^^^^^^^^^^^^^^^
    ...<6 lines>...
    )
    ^
  File "/Users/kyawyelwin/kot-pjs/alineaintelegrambot/venv/lib/python3.13/site-packages/telegram/request/_baserequest.py", line 202, in post
    result = await self._request_wrapper(
             ^^^^^^^^^^^^^^^^^^^^^^^^^^^^
    ...<7 lines>...
    )
    ^
  File "/Users/kyawyelwin/kot-pjs/alineaintelegrambot/venv/lib/python3.13/site-packages/telegram/request/_baserequest.py", line 385, in _request_wrapper
    raise Conflict(message)
telegram.error.Conflict: Conflict: terminated by other getUpdates request; make sure that only one bot instance is running
2026-06-10 18:54:43,970 [INFO] HTTP Request: POST https://api.telegram.org/bot8671642786:AAEdXZhmLboGWbHOxMLoR1SBH2aFYX7vkXY/getUpdates "HTTP/1.1 409 Conflict"
2026-06-10 18:54:43,973 [ERROR] No error handlers are registered, logging exception.
Traceback (most recent call last):
  File "/Users/kyawyelwin/kot-pjs/alineaintelegrambot/venv/lib/python3.13/site-packages/telegram/ext/_updater.py", line 750, in _network_loop_retry
    if not await do_action():
           ^^^^^^^^^^^^^^^^^
  File "/Users/kyawyelwin/kot-pjs/alineaintelegrambot/venv/lib/python3.13/site-packages/telegram/ext/_updater.py", line 744, in do_action
    return action_cb_task.result()
           ~~~~~~~~~~~~~~~~~~~~~^^
  File "/Users/kyawyelwin/kot-pjs/alineaintelegrambot/venv/lib/python3.13/site-packages/telegram/ext/_updater.py", line 371, in polling_action_cb
    updates = await self.bot.get_updates(
              ^^^^^^^^^^^^^^^^^^^^^^^^^^^
    ...<7 lines>...
    )
    ^
  File "/Users/kyawyelwin/kot-pjs/alineaintelegrambot/venv/lib/python3.13/site-packages/telegram/ext/_extbot.py", line 650, in get_updates
    updates = await super().get_updates(
              ^^^^^^^^^^^^^^^^^^^^^^^^^^
    ...<9 lines>...
    )
    ^
  File "/Users/kyawyelwin/kot-pjs/alineaintelegrambot/venv/lib/python3.13/site-packages/telegram/_bot.py", line 4480, in get_updates
    await self._post(
    ^^^^^^^^^^^^^^^^^
    ...<7 lines>...
    ),
    ^
  File "/Users/kyawyelwin/kot-pjs/alineaintelegrambot/venv/lib/python3.13/site-packages/telegram/_bot.py", line 619, in _post
    return await self._do_post(
           ^^^^^^^^^^^^^^^^^^^^
    ...<6 lines>...
    )
    ^
  File "/Users/kyawyelwin/kot-pjs/alineaintelegrambot/venv/lib/python3.13/site-packages/telegram/ext/_extbot.py", line 354, in _do_post
    return await super()._do_post(
           ^^^^^^^^^^^^^^^^^^^^^^^
    ...<6 lines>...
    )
    ^
  File "/Users/kyawyelwin/kot-pjs/alineaintelegrambot/venv/lib/python3.13/site-packages/telegram/_bot.py", line 648, in _do_post
    result = await request.post(
             ^^^^^^^^^^^^^^^^^^^
    ...<6 lines>...
    )
    ^
  File "/Users/kyawyelwin/kot-pjs/alineaintelegrambot/venv/lib/python3.13/site-packages/telegram/request/_baserequest.py", line 202, in post
    result = await self._request_wrapper(
             ^^^^^^^^^^^^^^^^^^^^^^^^^^^^
    ...<7 lines>...
    )
    ^
  File "/Users/kyawyelwin/kot-pjs/alineaintelegrambot/venv/lib/python3.13/site-packages/telegram/request/_baserequest.py", line 385, in _request_wrapper
    raise Conflict(message)
telegram.error.Conflict: Conflict: terminated by other getUpdates request; make sure that only one bot instance is running
2026-06-10 18:54:50,180 [INFO] HTTP Request: POST https://api.telegram.org/bot8671642786:AAEdXZhmLboGWbHOxMLoR1SBH2aFYX7vkXY/getUpdates "HTTP/1.1 409 Conflict"
2026-06-10 18:54:50,182 [ERROR] No error handlers are registered, logging exception.
Traceback (most recent call last):
  File "/Users/kyawyelwin/kot-pjs/alineaintelegrambot/venv/lib/python3.13/site-packages/telegram/ext/_updater.py", line 750, in _network_loop_retry
    if not await do_action():
           ^^^^^^^^^^^^^^^^^
  File "/Users/kyawyelwin/kot-pjs/alineaintelegrambot/venv/lib/python3.13/site-packages/telegram/ext/_updater.py", line 744, in do_action
    return action_cb_task.result()
           ~~~~~~~~~~~~~~~~~~~~~^^
  File "/Users/kyawyelwin/kot-pjs/alineaintelegrambot/venv/lib/python3.13/site-packages/telegram/ext/_updater.py", line 371, in polling_action_cb
    updates = await self.bot.get_updates(
              ^^^^^^^^^^^^^^^^^^^^^^^^^^^
    ...<7 lines>...
    )
    ^
  File "/Users/kyawyelwin/kot-pjs/alineaintelegrambot/venv/lib/python3.13/site-packages/telegram/ext/_extbot.py", line 650, in get_updates
    updates = await super().get_updates(
              ^^^^^^^^^^^^^^^^^^^^^^^^^^
    ...<9 lines>...
    )
    ^
  File "/Users/kyawyelwin/kot-pjs/alineaintelegrambot/venv/lib/python3.13/site-packages/telegram/_bot.py", line 4480, in get_updates
    await self._post(
    ^^^^^^^^^^^^^^^^^
    ...<7 lines>...
    ),
    ^
  File "/Users/kyawyelwin/kot-pjs/alineaintelegrambot/venv/lib/python3.13/site-packages/telegram/_bot.py", line 619, in _post
    return await self._do_post(
           ^^^^^^^^^^^^^^^^^^^^
    ...<6 lines>...
    )
    ^
  File "/Users/kyawyelwin/kot-pjs/alineaintelegrambot/venv/lib/python3.13/site-packages/telegram/ext/_extbot.py", line 354, in _do_post
    return await super()._do_post(
           ^^^^^^^^^^^^^^^^^^^^^^^
    ...<6 lines>...
    )
    ^
  File "/Users/kyawyelwin/kot-pjs/alineaintelegrambot/venv/lib/python3.13/site-packages/telegram/_bot.py", line 648, in _do_post
    result = await request.post(
             ^^^^^^^^^^^^^^^^^^^
    ...<6 lines>...
    )
    ^
  File "/Users/kyawyelwin/kot-pjs/alineaintelegrambot/venv/lib/python3.13/site-packages/telegram/request/_baserequest.py", line 202, in post
    result = await self._request_wrapper(
             ^^^^^^^^^^^^^^^^^^^^^^^^^^^^
    ...<7 lines>...
    )
    ^
  File "/Users/kyawyelwin/kot-pjs/alineaintelegrambot/venv/lib/python3.13/site-packages/telegram/request/_baserequest.py", line 385, in _request_wrapper
    raise Conflict(message)
telegram.error.Conflict: Conflict: terminated by other getUpdates request; make sure that only one bot instance is running
2026-06-10 18:54:59,894 [INFO] HTTP Request: POST https://api.telegram.org/bot8671642786:AAEdXZhmLboGWbHOxMLoR1SBH2aFYX7vkXY/getUpdates "HTTP/1.1 409 Conflict"
2026-06-10 18:54:59,895 [ERROR] No error handlers are registered, logging exception.
Traceback (most recent call last):
  File "/Users/kyawyelwin/kot-pjs/alineaintelegrambot/venv/lib/python3.13/site-packages/telegram/ext/_updater.py", line 750, in _network_loop_retry
    if not await do_action():
           ^^^^^^^^^^^^^^^^^
  File "/Users/kyawyelwin/kot-pjs/alineaintelegrambot/venv/lib/python3.13/site-packages/telegram/ext/_updater.py", line 744, in do_action
    return action_cb_task.result()
           ~~~~~~~~~~~~~~~~~~~~~^^
  File "/Users/kyawyelwin/kot-pjs/alineaintelegrambot/venv/lib/python3.13/site-packages/telegram/ext/_updater.py", line 371, in polling_action_cb
    updates = await self.bot.get_updates(
              ^^^^^^^^^^^^^^^^^^^^^^^^^^^
    ...<7 lines>...
    )
    ^
  File "/Users/kyawyelwin/kot-pjs/alineaintelegrambot/venv/lib/python3.13/site-packages/telegram/ext/_extbot.py", line 650, in get_updates
    updates = await super().get_updates(
              ^^^^^^^^^^^^^^^^^^^^^^^^^^
    ...<9 lines>...
    )
    ^
  File "/Users/kyawyelwin/kot-pjs/alineaintelegrambot/venv/lib/python3.13/site-packages/telegram/_bot.py", line 4480, in get_updates
    await self._post(
    ^^^^^^^^^^^^^^^^^
    ...<7 lines>...
    ),
    ^
  File "/Users/kyawyelwin/kot-pjs/alineaintelegrambot/venv/lib/python3.13/site-packages/telegram/_bot.py", line 619, in _post
    return await self._do_post(
           ^^^^^^^^^^^^^^^^^^^^
    ...<6 lines>...
    )
    ^
  File "/Users/kyawyelwin/kot-pjs/alineaintelegrambot/venv/lib/python3.13/site-packages/telegram/ext/_extbot.py", line 354, in _do_post
    return await super()._do_post(
           ^^^^^^^^^^^^^^^^^^^^^^^
    ...<6 lines>...
    )
    ^
  File "/Users/kyawyelwin/kot-pjs/alineaintelegrambot/venv/lib/python3.13/site-packages/telegram/_bot.py", line 648, in _do_post
    result = await request.post(
             ^^^^^^^^^^^^^^^^^^^
    ...<6 lines>...
    )
    ^
  File "/Users/kyawyelwin/kot-pjs/alineaintelegrambot/venv/lib/python3.13/site-packages/telegram/request/_baserequest.py", line 202, in post
    result = await self._request_wrapper(
             ^^^^^^^^^^^^^^^^^^^^^^^^^^^^
    ...<7 lines>...
    )
    ^
  File "/Users/kyawyelwin/kot-pjs/alineaintelegrambot/venv/lib/python3.13/site-packages/telegram/request/_baserequest.py", line 385, in _request_wrapper
    raise Conflict(message)
telegram.error.Conflict: Conflict: terminated by other getUpdates request; make sure that only one bot instance is running
2026-06-10 18:55:14,431 [INFO] HTTP Request: POST https://api.telegram.org/bot8671642786:AAEdXZhmLboGWbHOxMLoR1SBH2aFYX7vkXY/getUpdates "HTTP/1.1 409 Conflict"
2026-06-10 18:55:14,434 [ERROR] No error handlers are registered, logging exception.
Traceback (most recent call last):
  File "/Users/kyawyelwin/kot-pjs/alineaintelegrambot/venv/lib/python3.13/site-packages/telegram/ext/_updater.py", line 750, in _network_loop_retry
    if not await do_action():
           ^^^^^^^^^^^^^^^^^
  File "/Users/kyawyelwin/kot-pjs/alineaintelegrambot/venv/lib/python3.13/site-packages/telegram/ext/_updater.py", line 744, in do_action
    return action_cb_task.result()
           ~~~~~~~~~~~~~~~~~~~~~^^
  File "/Users/kyawyelwin/kot-pjs/alineaintelegrambot/venv/lib/python3.13/site-packages/telegram/ext/_updater.py", line 371, in polling_action_cb
    updates = await self.bot.get_updates(
              ^^^^^^^^^^^^^^^^^^^^^^^^^^^
    ...<7 lines>...
    )
    ^
  File "/Users/kyawyelwin/kot-pjs/alineaintelegrambot/venv/lib/python3.13/site-packages/telegram/ext/_extbot.py", line 650, in get_updates
    updates = await super().get_updates(
              ^^^^^^^^^^^^^^^^^^^^^^^^^^
    ...<9 lines>...
    )
    ^
  File "/Users/kyawyelwin/kot-pjs/alineaintelegrambot/venv/lib/python3.13/site-packages/telegram/_bot.py", line 4480, in get_updates
    await self._post(
    ^^^^^^^^^^^^^^^^^
    ...<7 lines>...
    ),
    ^
  File "/Users/kyawyelwin/kot-pjs/alineaintelegrambot/venv/lib/python3.13/site-packages/telegram/_bot.py", line 619, in _post
    return await self._do_post(
           ^^^^^^^^^^^^^^^^^^^^
    ...<6 lines>...
    )
    ^
  File "/Users/kyawyelwin/kot-pjs/alineaintelegrambot/venv/lib/python3.13/site-packages/telegram/ext/_extbot.py", line 354, in _do_post
    return await super()._do_post(
           ^^^^^^^^^^^^^^^^^^^^^^^
    ...<6 lines>...
    )
    ^
  File "/Users/kyawyelwin/kot-pjs/alineaintelegrambot/venv/lib/python3.13/site-packages/telegram/_bot.py", line 648, in _do_post
    result = await request.post(
             ^^^^^^^^^^^^^^^^^^^
    ...<6 lines>...
    )
    ^
  File "/Users/kyawyelwin/kot-pjs/alineaintelegrambot/venv/lib/python3.13/site-packages/telegram/request/_baserequest.py", line 202, in post
    result = await self._request_wrapper(
             ^^^^^^^^^^^^^^^^^^^^^^^^^^^^
    ...<7 lines>...
    )
    ^
  File "/Users/kyawyelwin/kot-pjs/alineaintelegrambot/venv/lib/python3.13/site-packages/telegram/request/_baserequest.py", line 385, in _request_wrapper
    raise Conflict(message)
telegram.error.Conflict: Conflict: terminated by other getUpdates request; make sure that only one bot instance is running
2026-06-10 18:55:33,139 [INFO] HTTP Request: POST https://api.telegram.org/bot8671642786:AAEdXZhmLboGWbHOxMLoR1SBH2aFYX7vkXY/getUpdates "HTTP/1.1 200 OK"
2026-06-10 18:55:35,312 [INFO] HTTP Request: POST https://api.telegram.org/bot8671642786:AAEdXZhmLboGWbHOxMLoR1SBH2aFYX7vkXY/getUpdates "HTTP/1.1 409 Conflict"
2026-06-10 18:55:35,314 [ERROR] No error handlers are registered, logging exception.
Traceback (most recent call last):
  File "/Users/kyawyelwin/kot-pjs/alineaintelegrambot/venv/lib/python3.13/site-packages/telegram/ext/_updater.py", line 750, in _network_loop_retry
    if not await do_action():
           ^^^^^^^^^^^^^^^^^
  File "/Users/kyawyelwin/kot-pjs/alineaintelegrambot/venv/lib/python3.13/site-packages/telegram/ext/_updater.py", line 744, in do_action
    return action_cb_task.result()
           ~~~~~~~~~~~~~~~~~~~~~^^
  File "/Users/kyawyelwin/kot-pjs/alineaintelegrambot/venv/lib/python3.13/site-packages/telegram/ext/_updater.py", line 371, in polling_action_cb
    updates = await self.bot.get_updates(
              ^^^^^^^^^^^^^^^^^^^^^^^^^^^
    ...<7 lines>...
    )
    ^
  File "/Users/kyawyelwin/kot-pjs/alineaintelegrambot/venv/lib/python3.13/site-packages/telegram/ext/_extbot.py", line 650, in get_updates
    updates = await super().get_updates(
              ^^^^^^^^^^^^^^^^^^^^^^^^^^
    ...<9 lines>...
    )
    ^
  File "/Users/kyawyelwin/kot-pjs/alineaintelegrambot/venv/lib/python3.13/site-packages/telegram/_bot.py", line 4480, in get_updates
    await self._post(
    ^^^^^^^^^^^^^^^^^
    ...<7 lines>...
    ),
    ^
  File "/Users/kyawyelwin/kot-pjs/alineaintelegrambot/venv/lib/python3.13/site-packages/telegram/_bot.py", line 619, in _post
    return await self._do_post(
           ^^^^^^^^^^^^^^^^^^^^
    ...<6 lines>...
    )
    ^
  File "/Users/kyawyelwin/kot-pjs/alineaintelegrambot/venv/lib/python3.13/site-packages/telegram/ext/_extbot.py", line 354, in _do_post
    return await super()._do_post(
           ^^^^^^^^^^^^^^^^^^^^^^^
    ...<6 lines>...
    )
    ^
  File "/Users/kyawyelwin/kot-pjs/alineaintelegrambot/venv/lib/python3.13/site-packages/telegram/_bot.py", line 648, in _do_post
    result = await request.post(
             ^^^^^^^^^^^^^^^^^^^
    ...<6 lines>...
    )
    ^
  File "/Users/kyawyelwin/kot-pjs/alineaintelegrambot/venv/lib/python3.13/site-packages/telegram/request/_baserequest.py", line 202, in post
    result = await self._request_wrapper(
             ^^^^^^^^^^^^^^^^^^^^^^^^^^^^
    ...<7 lines>...
    )
    ^
  File "/Users/kyawyelwin/kot-pjs/alineaintelegrambot/venv/lib/python3.13/site-packages/telegram/request/_baserequest.py", line 385, in _request_wrapper
    raise Conflict(message)
telegram.error.Conflict: Conflict: terminated by other getUpdates request; make sure that only one bot instance is running
2026-06-10 18:55:46,611 [INFO] HTTP Request: POST https://api.telegram.org/bot8671642786:AAEdXZhmLboGWbHOxMLoR1SBH2aFYX7vkXY/getUpdates "HTTP/1.1 200 OK"
2026-06-10 18:55:56,902 [INFO] HTTP Request: POST https://api.telegram.org/bot8671642786:AAEdXZhmLboGWbHOxMLoR1SBH2aFYX7vkXY/getUpdates "HTTP/1.1 200 OK"
2026-06-10 18:55:57,619 [INFO] HTTP Request: POST https://api.telegram.org/bot8671642786:AAEdXZhmLboGWbHOxMLoR1SBH2aFYX7vkXY/getUpdates "HTTP/1.1 409 Conflict"
2026-06-10 18:55:57,621 [ERROR] No error handlers are registered, logging exception.
Traceback (most recent call last):
  File "/Users/kyawyelwin/kot-pjs/alineaintelegrambot/venv/lib/python3.13/site-packages/telegram/ext/_updater.py", line 750, in _network_loop_retry
    if not await do_action():
           ^^^^^^^^^^^^^^^^^
  File "/Users/kyawyelwin/kot-pjs/alineaintelegrambot/venv/lib/python3.13/site-packages/telegram/ext/_updater.py", line 744, in do_action
    return action_cb_task.result()
           ~~~~~~~~~~~~~~~~~~~~~^^
  File "/Users/kyawyelwin/kot-pjs/alineaintelegrambot/venv/lib/python3.13/site-packages/telegram/ext/_updater.py", line 371, in polling_action_cb
    updates = await self.bot.get_updates(
              ^^^^^^^^^^^^^^^^^^^^^^^^^^^
    ...<7 lines>...
    )
    ^
  File "/Users/kyawyelwin/kot-pjs/alineaintelegrambot/venv/lib/python3.13/site-packages/telegram/ext/_extbot.py", line 650, in get_updates
    updates = await super().get_updates(
              ^^^^^^^^^^^^^^^^^^^^^^^^^^
    ...<9 lines>...
    )
    ^
  File "/Users/kyawyelwin/kot-pjs/alineaintelegrambot/venv/lib/python3.13/site-packages/telegram/_bot.py", line 4480, in get_updates
    await self._post(
    ^^^^^^^^^^^^^^^^^
    ...<7 lines>...
    ),
    ^
  File "/Users/kyawyelwin/kot-pjs/alineaintelegrambot/venv/lib/python3.13/site-packages/telegram/_bot.py", line 619, in _post
    return await self._do_post(
           ^^^^^^^^^^^^^^^^^^^^
    ...<6 lines>...
    )
    ^
  File "/Users/kyawyelwin/kot-pjs/alineaintelegrambot/venv/lib/python3.13/site-packages/telegram/ext/_extbot.py", line 354, in _do_post
    return await super()._do_post(
           ^^^^^^^^^^^^^^^^^^^^^^^
    ...<6 lines>...
    )
    ^
  File "/Users/kyawyelwin/kot-pjs/alineaintelegrambot/venv/lib/python3.13/site-packages/telegram/_bot.py", line 648, in _do_post
    result = await request.post(
             ^^^^^^^^^^^^^^^^^^^
    ...<6 lines>...
    )
    ^
  File "/Users/kyawyelwin/kot-pjs/alineaintelegrambot/venv/lib/python3.13/site-packages/telegram/request/_baserequest.py", line 202, in post
    result = await self._request_wrapper(
             ^^^^^^^^^^^^^^^^^^^^^^^^^^^^
    ...<7 lines>...
    )
    ^
  File "/Users/kyawyelwin/kot-pjs/alineaintelegrambot/venv/lib/python3.13/site-packages/telegram/request/_baserequest.py", line 385, in _request_wrapper
    raise Conflict(message)
telegram.error.Conflict: Conflict: terminated by other getUpdates request; make sure that only one bot instance is running
2026-06-10 18:56:09,175 [INFO] HTTP Request: POST https://api.telegram.org/bot8671642786:AAEdXZhmLboGWbHOxMLoR1SBH2aFYX7vkXY/getUpdates "HTTP/1.1 200 OK"
2026-06-10 18:56:19,459 [INFO] HTTP Request: POST https://api.telegram.org/bot8671642786:AAEdXZhmLboGWbHOxMLoR1SBH2aFYX7vkXY/getUpdates "HTTP/1.1 200 OK"
2026-06-10 18:56:28,703 [INFO] HTTP Request: POST https://api.telegram.org/bot8671642786:AAEdXZhmLboGWbHOxMLoR1SBH2aFYX7vkXY/getUpdates "HTTP/1.1 409 Conflict"
2026-06-10 18:56:28,705 [ERROR] No error handlers are registered, logging exception.
Traceback (most recent call last):
  File "/Users/kyawyelwin/kot-pjs/alineaintelegrambot/venv/lib/python3.13/site-packages/telegram/ext/_updater.py", line 750, in _network_loop_retry
    if not await do_action():
           ^^^^^^^^^^^^^^^^^
  File "/Users/kyawyelwin/kot-pjs/alineaintelegrambot/venv/lib/python3.13/site-packages/telegram/ext/_updater.py", line 744, in do_action
    return action_cb_task.result()
           ~~~~~~~~~~~~~~~~~~~~~^^
  File "/Users/kyawyelwin/kot-pjs/alineaintelegrambot/venv/lib/python3.13/site-packages/telegram/ext/_updater.py", line 371, in polling_action_cb
    updates = await self.bot.get_updates(
              ^^^^^^^^^^^^^^^^^^^^^^^^^^^
    ...<7 lines>...
    )
    ^
  File "/Users/kyawyelwin/kot-pjs/alineaintelegrambot/venv/lib/python3.13/site-packages/telegram/ext/_extbot.py", line 650, in get_updates
    updates = await super().get_updates(
              ^^^^^^^^^^^^^^^^^^^^^^^^^^
    ...<9 lines>...
    )
    ^
  File "/Users/kyawyelwin/kot-pjs/alineaintelegrambot/venv/lib/python3.13/site-packages/telegram/_bot.py", line 4480, in get_updates
    await self._post(
    ^^^^^^^^^^^^^^^^^
    ...<7 lines>...
    ),
    ^
  File "/Users/kyawyelwin/kot-pjs/alineaintelegrambot/venv/lib/python3.13/site-packages/telegram/_bot.py", line 619, in _post
    return await self._do_post(
           ^^^^^^^^^^^^^^^^^^^^
    ...<6 lines>...
    )
    ^
  File "/Users/kyawyelwin/kot-pjs/alineaintelegrambot/venv/lib/python3.13/site-packages/telegram/ext/_extbot.py", line 354, in _do_post
    return await super()._do_post(
           ^^^^^^^^^^^^^^^^^^^^^^^
    ...<6 lines>...
    )
    ^
  File "/Users/kyawyelwin/kot-pjs/alineaintelegrambot/venv/lib/python3.13/site-packages/telegram/_bot.py", line 648, in _do_post
    result = await request.post(
             ^^^^^^^^^^^^^^^^^^^
    ...<6 lines>...
    )
    ^
  File "/Users/kyawyelwin/kot-pjs/alineaintelegrambot/venv/lib/python3.13/site-packages/telegram/request/_baserequest.py", line 202, in post
    result = await self._request_wrapper(
             ^^^^^^^^^^^^^^^^^^^^^^^^^^^^
    ...<7 lines>...
    )
    ^
  File "/Users/kyawyelwin/kot-pjs/alineaintelegrambot/venv/lib/python3.13/site-packages/telegram/request/_baserequest.py", line 385, in _request_wrapper
    raise Conflict(message)
telegram.error.Conflict: Conflict: terminated by other getUpdates request; make sure that only one bot instance is running
2026-06-10 18:56:40,040 [INFO] HTTP Request: POST https://api.telegram.org/bot8671642786:AAEdXZhmLboGWbHOxMLoR1SBH2aFYX7vkXY/getUpdates "HTTP/1.1 200 OK"
2026-06-10 18:56:50,382 [INFO] HTTP Request: POST https://api.telegram.org/bot8671642786:AAEdXZhmLboGWbHOxMLoR1SBH2aFYX7vkXY/getUpdates "HTTP/1.1 200 OK"
2026-06-10 18:57:00,735 [INFO] HTTP Request: POST https://api.telegram.org/bot8671642786:AAEdXZhmLboGWbHOxMLoR1SBH2aFYX7vkXY/getUpdates "HTTP/1.1 200 OK"
2026-06-10 18:57:04,104 [INFO] HTTP Request: POST https://api.telegram.org/bot8671642786:AAEdXZhmLboGWbHOxMLoR1SBH2aFYX7vkXY/getUpdates "HTTP/1.1 409 Conflict"
2026-06-10 18:57:04,106 [ERROR] No error handlers are registered, logging exception.
Traceback (most recent call last):
  File "/Users/kyawyelwin/kot-pjs/alineaintelegrambot/venv/lib/python3.13/site-packages/telegram/ext/_updater.py", line 750, in _network_loop_retry
    if not await do_action():
           ^^^^^^^^^^^^^^^^^
  File "/Users/kyawyelwin/kot-pjs/alineaintelegrambot/venv/lib/python3.13/site-packages/telegram/ext/_updater.py", line 744, in do_action
    return action_cb_task.result()
           ~~~~~~~~~~~~~~~~~~~~~^^
  File "/Users/kyawyelwin/kot-pjs/alineaintelegrambot/venv/lib/python3.13/site-packages/telegram/ext/_updater.py", line 371, in polling_action_cb
    updates = await self.bot.get_updates(
              ^^^^^^^^^^^^^^^^^^^^^^^^^^^
    ...<7 lines>...
    )
    ^
  File "/Users/kyawyelwin/kot-pjs/alineaintelegrambot/venv/lib/python3.13/site-packages/telegram/ext/_extbot.py", line 650, in get_updates
    updates = await super().get_updates(
              ^^^^^^^^^^^^^^^^^^^^^^^^^^
    ...<9 lines>...
    )
    ^
  File "/Users/kyawyelwin/kot-pjs/alineaintelegrambot/venv/lib/python3.13/site-packages/telegram/_bot.py", line 4480, in get_updates
    await self._post(
    ^^^^^^^^^^^^^^^^^
    ...<7 lines>...
    ),
    ^
  File "/Users/kyawyelwin/kot-pjs/alineaintelegrambot/venv/lib/python3.13/site-packages/telegram/_bot.py", line 619, in _post
    return await self._do_post(
           ^^^^^^^^^^^^^^^^^^^^
    ...<6 lines>...
    )
    ^
  File "/Users/kyawyelwin/kot-pjs/alineaintelegrambot/venv/lib/python3.13/site-packages/telegram/ext/_extbot.py", line 354, in _do_post
    return await super()._do_post(
           ^^^^^^^^^^^^^^^^^^^^^^^
    ...<6 lines>...
    )
    ^
  File "/Users/kyawyelwin/kot-pjs/alineaintelegrambot/venv/lib/python3.13/site-packages/telegram/_bot.py", line 648, in _do_post
    result = await request.post(
             ^^^^^^^^^^^^^^^^^^^
    ...<6 lines>...
    )
    ^
  File "/Users/kyawyelwin/kot-pjs/alineaintelegrambot/venv/lib/python3.13/site-packages/telegram/request/_baserequest.py", line 202, in post
    result = await self._request_wrapper(
             ^^^^^^^^^^^^^^^^^^^^^^^^^^^^
    ...<7 lines>...
    )
    ^
  File "/Users/kyawyelwin/kot-pjs/alineaintelegrambot/venv/lib/python3.13/site-packages/telegram/request/_baserequest.py", line 385, in _request_wrapper
    raise Conflict(message)
telegram.error.Conflict: Conflict: terminated by other getUpdates request; make sure that only one bot instance is running
2026-06-10 18:57:15,391 [INFO] HTTP Request: POST https://api.telegram.org/bot8671642786:AAEdXZhmLboGWbHOxMLoR1SBH2aFYX7vkXY/getUpdates "HTTP/1.1 200 OK"
2026-06-10 18:57:25,973 [INFO] HTTP Request: POST https://api.telegram.org/bot8671642786:AAEdXZhmLboGWbHOxMLoR1SBH2aFYX7vkXY/getUpdates "HTTP/1.1 200 OK"
2026-06-10 18:57:25,975 [INFO] Application is stopping. This might take a moment.
2026-06-10 18:57:25,976 [INFO] Application.stop() complete
2026-06-10 18:57:29,663 [INFO] 🤖 Connecting to Google Sheets …
2026-06-10 18:57:32,095 [INFO] 🚀 Starting Telegram bot …
/Users/kyawyelwin/kot-pjs/alineaintelegrambot/voucher_flow.py:635: PTBUserWarning: If 'per_message=False', 'CallbackQueryHandler' will not be tracked for every message. Read this FAQ entry to learn more about the per_* settings: https://github.com/python-telegram-bot/python-telegram-bot/wiki/Frequently-Asked-Questions#what-do-the-per_-settings-in-conversationhandler-do.
  return ConversationHandler(
2026-06-10 18:57:32,199 [INFO] ✅ Bot is running! Send /start to begin.
2026-06-10 18:57:33,086 [INFO] HTTP Request: POST https://api.telegram.org/bot8671642786:AAEdXZhmLboGWbHOxMLoR1SBH2aFYX7vkXY/getMe "HTTP/1.1 200 OK"
2026-06-10 18:57:33,379 [INFO] HTTP Request: POST https://api.telegram.org/bot8671642786:AAEdXZhmLboGWbHOxMLoR1SBH2aFYX7vkXY/deleteWebhook "HTTP/1.1 200 OK"
2026-06-10 18:57:33,383 [INFO] Application started
2026-06-10 18:57:39,627 [INFO] HTTP Request: POST https://api.telegram.org/bot8671642786:AAEdXZhmLboGWbHOxMLoR1SBH2aFYX7vkXY/getUpdates "HTTP/1.1 409 Conflict"
2026-06-10 18:57:39,629 [ERROR] No error handlers are registered, logging exception.
Traceback (most recent call last):
  File "/Users/kyawyelwin/kot-pjs/alineaintelegrambot/venv/lib/python3.13/site-packages/telegram/ext/_updater.py", line 750, in _network_loop_retry
    if not await do_action():
           ^^^^^^^^^^^^^^^^^
  File "/Users/kyawyelwin/kot-pjs/alineaintelegrambot/venv/lib/python3.13/site-packages/telegram/ext/_updater.py", line 744, in do_action
    return action_cb_task.result()
           ~~~~~~~~~~~~~~~~~~~~~^^
  File "/Users/kyawyelwin/kot-pjs/alineaintelegrambot/venv/lib/python3.13/site-packages/telegram/ext/_updater.py", line 371, in polling_action_cb
    updates = await self.bot.get_updates(
              ^^^^^^^^^^^^^^^^^^^^^^^^^^^
    ...<7 lines>...
    )
    ^
  File "/Users/kyawyelwin/kot-pjs/alineaintelegrambot/venv/lib/python3.13/site-packages/telegram/ext/_extbot.py", line 650, in get_updates
    updates = await super().get_updates(
              ^^^^^^^^^^^^^^^^^^^^^^^^^^
    ...<9 lines>...
    )
    ^
  File "/Users/kyawyelwin/kot-pjs/alineaintelegrambot/venv/lib/python3.13/site-packages/telegram/_bot.py", line 4480, in get_updates
    await self._post(
    ^^^^^^^^^^^^^^^^^
    ...<7 lines>...
    ),
    ^
  File "/Users/kyawyelwin/kot-pjs/alineaintelegrambot/venv/lib/python3.13/site-packages/telegram/_bot.py", line 619, in _post
    return await self._do_post(
           ^^^^^^^^^^^^^^^^^^^^
    ...<6 lines>...
    )
    ^
  File "/Users/kyawyelwin/kot-pjs/alineaintelegrambot/venv/lib/python3.13/site-packages/telegram/ext/_extbot.py", line 354, in _do_post
    return await super()._do_post(
           ^^^^^^^^^^^^^^^^^^^^^^^
    ...<6 lines>...
    )
    ^
  File "/Users/kyawyelwin/kot-pjs/alineaintelegrambot/venv/lib/python3.13/site-packages/telegram/_bot.py", line 648, in _do_post
    result = await request.post(
             ^^^^^^^^^^^^^^^^^^^
    ...<6 lines>...
    )
    ^
  File "/Users/kyawyelwin/kot-pjs/alineaintelegrambot/venv/lib/python3.13/site-packages/telegram/request/_baserequest.py", line 202, in post
    result = await self._request_wrapper(
             ^^^^^^^^^^^^^^^^^^^^^^^^^^^^
    ...<7 lines>...
    )
    ^
  File "/Users/kyawyelwin/kot-pjs/alineaintelegrambot/venv/lib/python3.13/site-packages/telegram/request/_baserequest.py", line 385, in _request_wrapper
    raise Conflict(message)
telegram.error.Conflict: Conflict: terminated by other getUpdates request; make sure that only one bot instance is running
2026-06-10 18:57:50,933 [INFO] HTTP Request: POST https://api.telegram.org/bot8671642786:AAEdXZhmLboGWbHOxMLoR1SBH2aFYX7vkXY/getUpdates "HTTP/1.1 200 OK"
2026-06-10 18:58:01,229 [INFO] HTTP Request: POST https://api.telegram.org/bot8671642786:AAEdXZhmLboGWbHOxMLoR1SBH2aFYX7vkXY/getUpdates "HTTP/1.1 200 OK"
2026-06-10 18:58:11,549 [INFO] HTTP Request: POST https://api.telegram.org/bot8671642786:AAEdXZhmLboGWbHOxMLoR1SBH2aFYX7vkXY/getUpdates "HTTP/1.1 200 OK"
2026-06-10 18:58:15,017 [INFO] HTTP Request: POST https://api.telegram.org/bot8671642786:AAEdXZhmLboGWbHOxMLoR1SBH2aFYX7vkXY/getUpdates "HTTP/1.1 409 Conflict"
2026-06-10 18:58:15,019 [ERROR] No error handlers are registered, logging exception.
Traceback (most recent call last):
  File "/Users/kyawyelwin/kot-pjs/alineaintelegrambot/venv/lib/python3.13/site-packages/telegram/ext/_updater.py", line 750, in _network_loop_retry
    if not await do_action():
           ^^^^^^^^^^^^^^^^^
  File "/Users/kyawyelwin/kot-pjs/alineaintelegrambot/venv/lib/python3.13/site-packages/telegram/ext/_updater.py", line 744, in do_action
    return action_cb_task.result()
           ~~~~~~~~~~~~~~~~~~~~~^^
  File "/Users/kyawyelwin/kot-pjs/alineaintelegrambot/venv/lib/python3.13/site-packages/telegram/ext/_updater.py", line 371, in polling_action_cb
    updates = await self.bot.get_updates(
              ^^^^^^^^^^^^^^^^^^^^^^^^^^^
    ...<7 lines>...
    )
    ^
  File "/Users/kyawyelwin/kot-pjs/alineaintelegrambot/venv/lib/python3.13/site-packages/telegram/ext/_extbot.py", line 650, in get_updates
    updates = await super().get_updates(
              ^^^^^^^^^^^^^^^^^^^^^^^^^^
    ...<9 lines>...
    )
    ^
  File "/Users/kyawyelwin/kot-pjs/alineaintelegrambot/venv/lib/python3.13/site-packages/telegram/_bot.py", line 4480, in get_updates
    await self._post(
    ^^^^^^^^^^^^^^^^^
    ...<7 lines>...
    ),
    ^
  File "/Users/kyawyelwin/kot-pjs/alineaintelegrambot/venv/lib/python3.13/site-packages/telegram/_bot.py", line 619, in _post
    return await self._do_post(
           ^^^^^^^^^^^^^^^^^^^^
    ...<6 lines>...
    )
    ^
  File "/Users/kyawyelwin/kot-pjs/alineaintelegrambot/venv/lib/python3.13/site-packages/telegram/ext/_extbot.py", line 354, in _do_post
    return await super()._do_post(
           ^^^^^^^^^^^^^^^^^^^^^^^
    ...<6 lines>...
    )
    ^
  File "/Users/kyawyelwin/kot-pjs/alineaintelegrambot/venv/lib/python3.13/site-packages/telegram/_bot.py", line 648, in _do_post
    result = await request.post(
             ^^^^^^^^^^^^^^^^^^^
    ...<6 lines>...
    )
    ^
  File "/Users/kyawyelwin/kot-pjs/alineaintelegrambot/venv/lib/python3.13/site-packages/telegram/request/_baserequest.py", line 202, in post
    result = await self._request_wrapper(
             ^^^^^^^^^^^^^^^^^^^^^^^^^^^^
    ...<7 lines>...
    )
    ^
  File "/Users/kyawyelwin/kot-pjs/alineaintelegrambot/venv/lib/python3.13/site-packages/telegram/request/_baserequest.py", line 385, in _request_wrapper
    raise Conflict(message)
telegram.error.Conflict: Conflict: terminated by other getUpdates request; make sure that only one bot instance is running
2026-06-10 18:58:26,393 [INFO] HTTP Request: POST https://api.telegram.org/bot8671642786:AAEdXZhmLboGWbHOxMLoR1SBH2aFYX7vkXY/getUpdates "HTTP/1.1 200 OK"
2026-06-10 18:58:36,747 [INFO] HTTP Request: POST https://api.telegram.org/bot8671642786:AAEdXZhmLboGWbHOxMLoR1SBH2aFYX7vkXY/getUpdates "HTTP/1.1 200 OK"
2026-06-10 18:58:47,066 [INFO] HTTP Request: POST https://api.telegram.org/bot8671642786:AAEdXZhmLboGWbHOxMLoR1SBH2aFYX7vkXY/getUpdates "HTTP/1.1 200 OK"
2026-06-10 18:58:50,191 [INFO] HTTP Request: POST https://api.telegram.org/bot8671642786:AAEdXZhmLboGWbHOxMLoR1SBH2aFYX7vkXY/getUpdates "HTTP/1.1 409 Conflict"
2026-06-10 18:58:50,192 [ERROR] No error handlers are registered, logging exception.
Traceback (most recent call last):
  File "/Users/kyawyelwin/kot-pjs/alineaintelegrambot/venv/lib/python3.13/site-packages/telegram/ext/_updater.py", line 750, in _network_loop_retry
    if not await do_action():
           ^^^^^^^^^^^^^^^^^
  File "/Users/kyawyelwin/kot-pjs/alineaintelegrambot/venv/lib/python3.13/site-packages/telegram/ext/_updater.py", line 744, in do_action
    return action_cb_task.result()
           ~~~~~~~~~~~~~~~~~~~~~^^
  File "/Users/kyawyelwin/kot-pjs/alineaintelegrambot/venv/lib/python3.13/site-packages/telegram/ext/_updater.py", line 371, in polling_action_cb
    updates = await self.bot.get_updates(
              ^^^^^^^^^^^^^^^^^^^^^^^^^^^
    ...<7 lines>...
    )
    ^
  File "/Users/kyawyelwin/kot-pjs/alineaintelegrambot/venv/lib/python3.13/site-packages/telegram/ext/_extbot.py", line 650, in get_updates
    updates = await super().get_updates(
              ^^^^^^^^^^^^^^^^^^^^^^^^^^
    ...<9 lines>...
    )
    ^
  File "/Users/kyawyelwin/kot-pjs/alineaintelegrambot/venv/lib/python3.13/site-packages/telegram/_bot.py", line 4480, in get_updates
    await self._post(
    ^^^^^^^^^^^^^^^^^
    ...<7 lines>...
    ),
    ^
  File "/Users/kyawyelwin/kot-pjs/alineaintelegrambot/venv/lib/python3.13/site-packages/telegram/_bot.py", line 619, in _post
    return await self._do_post(
           ^^^^^^^^^^^^^^^^^^^^
    ...<6 lines>...
    )
    ^
  File "/Users/kyawyelwin/kot-pjs/alineaintelegrambot/venv/lib/python3.13/site-packages/telegram/ext/_extbot.py", line 354, in _do_post
    return await super()._do_post(
           ^^^^^^^^^^^^^^^^^^^^^^^
    ...<6 lines>...
    )
    ^
  File "/Users/kyawyelwin/kot-pjs/alineaintelegrambot/venv/lib/python3.13/site-packages/telegram/_bot.py", line 648, in _do_post
    result = await request.post(
             ^^^^^^^^^^^^^^^^^^^
    ...<6 lines>...
    )
    ^
  File "/Users/kyawyelwin/kot-pjs/alineaintelegrambot/venv/lib/python3.13/site-packages/telegram/request/_baserequest.py", line 202, in post
    result = await self._request_wrapper(
             ^^^^^^^^^^^^^^^^^^^^^^^^^^^^
    ...<7 lines>...
    )
    ^
  File "/Users/kyawyelwin/kot-pjs/alineaintelegrambot/venv/lib/python3.13/site-packages/telegram/request/_baserequest.py", line 385, in _request_wrapper
    raise Conflict(message)
telegram.error.Conflict: Conflict: terminated by other getUpdates request; make sure that only one bot instance is running
2026-06-10 18:59:01,481 [INFO] HTTP Request: POST https://api.telegram.org/bot8671642786:AAEdXZhmLboGWbHOxMLoR1SBH2aFYX7vkXY/getUpdates "HTTP/1.1 200 OK"
2026-06-10 18:59:11,824 [INFO] HTTP Request: POST https://api.telegram.org/bot8671642786:AAEdXZhmLboGWbHOxMLoR1SBH2aFYX7vkXY/getUpdates "HTTP/1.1 200 OK"
2026-06-10 18:59:22,115 [INFO] HTTP Request: POST https://api.telegram.org/bot8671642786:AAEdXZhmLboGWbHOxMLoR1SBH2aFYX7vkXY/getUpdates "HTTP/1.1 200 OK"
2026-06-10 18:59:32,407 [INFO] HTTP Request: POST https://api.telegram.org/bot8671642786:AAEdXZhmLboGWbHOxMLoR1SBH2aFYX7vkXY/getUpdates "HTTP/1.1 200 OK"
2026-06-10 18:59:37,143 [INFO] HTTP Request: POST https://api.telegram.org/bot8671642786:AAEdXZhmLboGWbHOxMLoR1SBH2aFYX7vkXY/getUpdates "HTTP/1.1 200 OK"
2026-06-10 18:59:38,206 [INFO] HTTP Request: POST https://api.telegram.org/bot8671642786:AAEdXZhmLboGWbHOxMLoR1SBH2aFYX7vkXY/sendMessage "HTTP/1.1 200 OK"
2026-06-10 18:59:47,547 [INFO] HTTP Request: POST https://api.telegram.org/bot8671642786:AAEdXZhmLboGWbHOxMLoR1SBH2aFYX7vkXY/getUpdates "HTTP/1.1 200 OK"
2026-06-10 18:59:57,367 [INFO] HTTP Request: POST https://api.telegram.org/bot8671642786:AAEdXZhmLboGWbHOxMLoR1SBH2aFYX7vkXY/getUpdates "HTTP/1.1 200 OK"
2026-06-10 18:59:58,496 [INFO] HTTP Request: POST https://api.telegram.org/bot8671642786:AAEdXZhmLboGWbHOxMLoR1SBH2aFYX7vkXY/answerCallbackQuery "HTTP/1.1 200 OK"
2026-06-10 18:59:58,497 [INFO] Callback [menu_categories] from chat 8126958461
2026-06-10 18:59:59,160 [INFO] Categories fetched: 22
2026-06-10 18:59:59,968 [INFO] HTTP Request: POST https://api.telegram.org/bot8671642786:AAEdXZhmLboGWbHOxMLoR1SBH2aFYX7vkXY/editMessageText "HTTP/1.1 200 OK"
2026-06-10 19:16:19,079 [INFO] HTTP Request: POST https://api.telegram.org/bot8671642786:AAEdXZhmLboGWbHOxMLoR1SBH2aFYX7vkXY/getUpdates "HTTP/1.1 200 OK"
2026-06-10 19:16:29,369 [INFO] HTTP Request: POST https://api.telegram.org/bot8671642786:AAEdXZhmLboGWbHOxMLoR1SBH2aFYX7vkXY/getUpdates "HTTP/1.1 200 OK"
2026-06-10 19:16:39,720 [INFO] HTTP Request: POST https://api.telegram.org/bot8671642786:AAEdXZhmLboGWbHOxMLoR1SBH2aFYX7vkXY/getUpdates "HTTP/1.1 200 OK"
2026-06-10 19:16:50,054 [INFO] HTTP Request: POST https://api.telegram.org/bot8671642786:AAEdXZhmLboGWbHOxMLoR1SBH2aFYX7vkXY/getUpdates "HTTP/1.1 200 OK"
2026-06-10 20:14:49,970 [INFO] HTTP Request: POST https://api.telegram.org/bot8671642786:AAEdXZhmLboGWbHOxMLoR1SBH2aFYX7vkXY/getUpdates "HTTP/1.1 200 OK"
2026-06-10 20:14:51,017 [INFO] HTTP Request: POST https://api.telegram.org/bot8671642786:AAEdXZhmLboGWbHOxMLoR1SBH2aFYX7vkXY/answerCallbackQuery "HTTP/1.1 400 Bad Request"
2026-06-10 20:14:51,019 [ERROR] No error handlers are registered, logging exception.
Traceback (most recent call last):
  File "/Users/kyawyelwin/kot-pjs/alineaintelegrambot/venv/lib/python3.13/site-packages/telegram/ext/_application.py", line 1325, in process_update
    await coroutine
  File "/Users/kyawyelwin/kot-pjs/alineaintelegrambot/venv/lib/python3.13/site-packages/telegram/ext/_handlers/basehandler.py", line 158, in handle_update
    return await self.callback(update, context)
           ^^^^^^^^^^^^^^^^^^^^^^^^^^^^^^^^^^^^
  File "/Users/kyawyelwin/kot-pjs/alineaintelegrambot/bot.py", line 72, in callback_handler
    await query.answer()          # acknowledge immediately — removes loading spinner
    ^^^^^^^^^^^^^^^^^^^^
  File "/Users/kyawyelwin/kot-pjs/alineaintelegrambot/venv/lib/python3.13/site-packages/telegram/_callbackquery.py", line 190, in answer
    return await self.get_bot().answer_callback_query(
           ^^^^^^^^^^^^^^^^^^^^^^^^^^^^^^^^^^^^^^^^^^^
    ...<10 lines>...
    )
    ^
  File "/Users/kyawyelwin/kot-pjs/alineaintelegrambot/venv/lib/python3.13/site-packages/telegram/ext/_extbot.py", line 938, in answer_callback_query
    return await super().answer_callback_query(
           ^^^^^^^^^^^^^^^^^^^^^^^^^^^^^^^^^^^^
    ...<10 lines>...
    )
    ^
  File "/Users/kyawyelwin/kot-pjs/alineaintelegrambot/venv/lib/python3.13/site-packages/telegram/_bot.py", line 4057, in answer_callback_query
    return await self._post(
           ^^^^^^^^^^^^^^^^^
    ...<7 lines>...
    )
    ^
  File "/Users/kyawyelwin/kot-pjs/alineaintelegrambot/venv/lib/python3.13/site-packages/telegram/_bot.py", line 619, in _post
    return await self._do_post(
           ^^^^^^^^^^^^^^^^^^^^
    ...<6 lines>...
    )
    ^
  File "/Users/kyawyelwin/kot-pjs/alineaintelegrambot/venv/lib/python3.13/site-packages/telegram/ext/_extbot.py", line 354, in _do_post
    return await super()._do_post(
           ^^^^^^^^^^^^^^^^^^^^^^^
    ...<6 lines>...
    )
    ^
  File "/Users/kyawyelwin/kot-pjs/alineaintelegrambot/venv/lib/python3.13/site-packages/telegram/_bot.py", line 648, in _do_post
    result = await request.post(
             ^^^^^^^^^^^^^^^^^^^
    ...<6 lines>...
    )
    ^
  File "/Users/kyawyelwin/kot-pjs/alineaintelegrambot/venv/lib/python3.13/site-packages/telegram/request/_baserequest.py", line 202, in post
    result = await self._request_wrapper(
             ^^^^^^^^^^^^^^^^^^^^^^^^^^^^
    ...<7 lines>...
    )
    ^
  File "/Users/kyawyelwin/kot-pjs/alineaintelegrambot/venv/lib/python3.13/site-packages/telegram/request/_baserequest.py", line 383, in _request_wrapper
    raise BadRequest(message)
telegram.error.BadRequest: Query is too old and response timeout expired or query id is invalid
2026-06-10 20:14:51,634 [INFO] HTTP Request: POST https://api.telegram.org/bot8671642786:AAEdXZhmLboGWbHOxMLoR1SBH2aFYX7vkXY/answerCallbackQuery "HTTP/1.1 200 OK"
2026-06-10 20:14:51,635 [INFO] Callback [menu_main] from chat 8126958461
2026-06-10 20:14:52,278 [INFO] HTTP Request: POST https://api.telegram.org/bot8671642786:AAEdXZhmLboGWbHOxMLoR1SBH2aFYX7vkXY/editMessageText "HTTP/1.1 200 OK"
2026-06-10 20:15:00,262 [INFO] HTTP Request: POST https://api.telegram.org/bot8671642786:AAEdXZhmLboGWbHOxMLoR1SBH2aFYX7vkXY/getUpdates "HTTP/1.1 200 OK"
2026-06-10 20:15:10,544 [INFO] HTTP Request: POST https://api.telegram.org/bot8671642786:AAEdXZhmLboGWbHOxMLoR1SBH2aFYX7vkXY/getUpdates "HTTP/1.1 200 OK"
2026-06-10 20:15:20,832 [INFO] HTTP Request: POST https://api.telegram.org/bot8671642786:AAEdXZhmLboGWbHOxMLoR1SBH2aFYX7vkXY/getUpdates "HTTP/1.1 200 OK"
2026-06-10 20:15:31,119 [INFO] HTTP Request: POST https://api.telegram.org/bot8671642786:AAEdXZhmLboGWbHOxMLoR1SBH2aFYX7vkXY/getUpdates "HTTP/1.1 200 OK"
2026-06-10 20:15:41,406 [INFO] HTTP Request: POST https://api.telegram.org/bot8671642786:AAEdXZhmLboGWbHOxMLoR1SBH2aFYX7vkXY/getUpdates "HTTP/1.1 200 OK"
2026-06-10 20:15:51,721 [INFO] HTTP Request: POST https://api.telegram.org/bot8671642786:AAEdXZhmLboGWbHOxMLoR1SBH2aFYX7vkXY/getUpdates "HTTP/1.1 200 OK"
2026-06-10 20:16:02,006 [INFO] HTTP Request: POST https://api.telegram.org/bot8671642786:AAEdXZhmLboGWbHOxMLoR1SBH2aFYX7vkXY/getUpdates "HTTP/1.1 200 OK"
2026-06-10 20:25:37,198 [INFO] HTTP Request: POST https://api.telegram.org/bot8671642786:AAEdXZhmLboGWbHOxMLoR1SBH2aFYX7vkXY/getUpdates "HTTP/1.1 200 OK"
2026-06-10 20:25:47,748 [INFO] HTTP Request: POST https://api.telegram.org/bot8671642786:AAEdXZhmLboGWbHOxMLoR1SBH2aFYX7vkXY/getUpdates "HTTP/1.1 200 OK"
2026-06-10 20:25:58,145 [INFO] HTTP Request: POST https://api.telegram.org/bot8671642786:AAEdXZhmLboGWbHOxMLoR1SBH2aFYX7vkXY/getUpdates "HTTP/1.1 200 OK"
2026-06-10 20:26:08,442 [INFO] HTTP Request: POST https://api.telegram.org/bot8671642786:AAEdXZhmLboGWbHOxMLoR1SBH2aFYX7vkXY/getUpdates "HTTP/1.1 200 OK"
2026-06-10 20:26:18,737 [INFO] HTTP Request: POST https://api.telegram.org/bot8671642786:AAEdXZhmLboGWbHOxMLoR1SBH2aFYX7vkXY/getUpdates "HTTP/1.1 200 OK"
2026-06-10 20:43:55,384 [INFO] HTTP Request: POST https://api.telegram.org/bot8671642786:AAEdXZhmLboGWbHOxMLoR1SBH2aFYX7vkXY/getUpdates "HTTP/1.1 200 OK"
2026-06-10 20:44:05,660 [INFO] HTTP Request: POST https://api.telegram.org/bot8671642786:AAEdXZhmLboGWbHOxMLoR1SBH2aFYX7vkXY/getUpdates "HTTP/1.1 200 OK"
2026-06-10 20:44:15,944 [INFO] HTTP Request: POST https://api.telegram.org/bot8671642786:AAEdXZhmLboGWbHOxMLoR1SBH2aFYX7vkXY/getUpdates "HTTP/1.1 200 OK"
2026-06-10 20:44:26,220 [INFO] HTTP Request: POST https://api.telegram.org/bot8671642786:AAEdXZhmLboGWbHOxMLoR1SBH2aFYX7vkXY/getUpdates "HTTP/1.1 200 OK"
2026-06-10 20:44:36,511 [INFO] HTTP Request: POST https://api.telegram.org/bot8671642786:AAEdXZhmLboGWbHOxMLoR1SBH2aFYX7vkXY/getUpdates "HTTP/1.1 200 OK"
2026-06-10 21:10:27,936 [INFO] HTTP Request: POST https://api.telegram.org/bot8671642786:AAEdXZhmLboGWbHOxMLoR1SBH2aFYX7vkXY/getUpdates "HTTP/1.1 200 OK"
2026-06-10 21:10:38,457 [INFO] HTTP Request: POST https://api.telegram.org/bot8671642786:AAEdXZhmLboGWbHOxMLoR1SBH2aFYX7vkXY/getUpdates "HTTP/1.1 200 OK"
2026-06-10 21:10:48,758 [INFO] HTTP Request: POST https://api.telegram.org/bot8671642786:AAEdXZhmLboGWbHOxMLoR1SBH2aFYX7vkXY/getUpdates "HTTP/1.1 200 OK"
2026-06-10 21:10:59,098 [INFO] HTTP Request: POST https://api.telegram.org/bot8671642786:AAEdXZhmLboGWbHOxMLoR1SBH2aFYX7vkXY/getUpdates "HTTP/1.1 200 OK"
2026-06-10 21:11:09,383 [INFO] HTTP Request: POST https://api.telegram.org/bot8671642786:AAEdXZhmLboGWbHOxMLoR1SBH2aFYX7vkXY/getUpdates "HTTP/1.1 200 OK"
2026-06-10 21:11:19,766 [INFO] HTTP Request: POST https://api.telegram.org/bot8671642786:AAEdXZhmLboGWbHOxMLoR1SBH2aFYX7vkXY/getUpdates "HTTP/1.1 200 OK"
2026-06-10 21:11:30,101 [INFO] HTTP Request: POST https://api.telegram.org/bot8671642786:AAEdXZhmLboGWbHOxMLoR1SBH2aFYX7vkXY/getUpdates "HTTP/1.1 200 OK"
2026-06-10 21:11:40,394 [INFO] HTTP Request: POST https://api.telegram.org/bot8671642786:AAEdXZhmLboGWbHOxMLoR1SBH2aFYX7vkXY/getUpdates "HTTP/1.1 200 OK"
2026-06-10 21:11:50,687 [INFO] HTTP Request: POST https://api.telegram.org/bot8671642786:AAEdXZhmLboGWbHOxMLoR1SBH2aFYX7vkXY/getUpdates "HTTP/1.1 200 OK"
2026-06-10 21:12:01,015 [INFO] HTTP Request: POST https://api.telegram.org/bot8671642786:AAEdXZhmLboGWbHOxMLoR1SBH2aFYX7vkXY/getUpdates "HTTP/1.1 200 OK"
2026-06-10 21:12:11,303 [INFO] HTTP Request: POST https://api.telegram.org/bot8671642786:AAEdXZhmLboGWbHOxMLoR1SBH2aFYX7vkXY/getUpdates "HTTP/1.1 200 OK"
2026-06-10 21:12:21,681 [INFO] HTTP Request: POST https://api.telegram.org/bot8671642786:AAEdXZhmLboGWbHOxMLoR1SBH2aFYX7vkXY/getUpdates "HTTP/1.1 200 OK"
2026-06-10 21:12:32,030 [INFO] HTTP Request: POST https://api.telegram.org/bot8671642786:AAEdXZhmLboGWbHOxMLoR1SBH2aFYX7vkXY/getUpdates "HTTP/1.1 200 OK"
2026-06-10 21:12:42,323 [INFO] HTTP Request: POST https://api.telegram.org/bot8671642786:AAEdXZhmLboGWbHOxMLoR1SBH2aFYX7vkXY/getUpdates "HTTP/1.1 200 OK"
2026-06-10 21:12:52,610 [INFO] HTTP Request: POST https://api.telegram.org/bot8671642786:AAEdXZhmLboGWbHOxMLoR1SBH2aFYX7vkXY/getUpdates "HTTP/1.1 200 OK"
2026-06-10 21:13:02,903 [INFO] HTTP Request: POST https://api.telegram.org/bot8671642786:AAEdXZhmLboGWbHOxMLoR1SBH2aFYX7vkXY/getUpdates "HTTP/1.1 200 OK"
2026-06-10 21:13:13,268 [INFO] HTTP Request: POST https://api.telegram.org/bot8671642786:AAEdXZhmLboGWbHOxMLoR1SBH2aFYX7vkXY/getUpdates "HTTP/1.1 200 OK"
2026-06-10 21:13:23,602 [INFO] HTTP Request: POST https://api.telegram.org/bot8671642786:AAEdXZhmLboGWbHOxMLoR1SBH2aFYX7vkXY/getUpdates "HTTP/1.1 200 OK"
2026-06-10 21:13:33,891 [INFO] HTTP Request: POST https://api.telegram.org/bot8671642786:AAEdXZhmLboGWbHOxMLoR1SBH2aFYX7vkXY/getUpdates "HTTP/1.1 200 OK"
2026-06-10 21:13:44,183 [INFO] HTTP Request: POST https://api.telegram.org/bot8671642786:AAEdXZhmLboGWbHOxMLoR1SBH2aFYX7vkXY/getUpdates "HTTP/1.1 200 OK"
2026-06-10 21:13:54,526 [INFO] HTTP Request: POST https://api.telegram.org/bot8671642786:AAEdXZhmLboGWbHOxMLoR1SBH2aFYX7vkXY/getUpdates "HTTP/1.1 200 OK"
2026-06-10 21:14:04,841 [INFO] HTTP Request: POST https://api.telegram.org/bot8671642786:AAEdXZhmLboGWbHOxMLoR1SBH2aFYX7vkXY/getUpdates "HTTP/1.1 200 OK"
2026-06-10 21:14:15,178 [INFO] HTTP Request: POST https://api.telegram.org/bot8671642786:AAEdXZhmLboGWbHOxMLoR1SBH2aFYX7vkXY/getUpdates "HTTP/1.1 200 OK"
2026-06-10 21:14:25,465 [INFO] HTTP Request: POST https://api.telegram.org/bot8671642786:AAEdXZhmLboGWbHOxMLoR1SBH2aFYX7vkXY/getUpdates "HTTP/1.1 200 OK"
2026-06-10 21:14:35,848 [INFO] HTTP Request: POST https://api.telegram.org/bot8671642786:AAEdXZhmLboGWbHOxMLoR1SBH2aFYX7vkXY/getUpdates "HTTP/1.1 200 OK"
2026-06-10 21:14:46,138 [INFO] HTTP Request: POST https://api.telegram.org/bot8671642786:AAEdXZhmLboGWbHOxMLoR1SBH2aFYX7vkXY/getUpdates "HTTP/1.1 200 OK"
2026-06-10 21:14:56,522 [INFO] HTTP Request: POST https://api.telegram.org/bot8671642786:AAEdXZhmLboGWbHOxMLoR1SBH2aFYX7vkXY/getUpdates "HTTP/1.1 200 OK"
2026-06-10 21:15:06,819 [INFO] HTTP Request: POST https://api.telegram.org/bot8671642786:AAEdXZhmLboGWbHOxMLoR1SBH2aFYX7vkXY/getUpdates "HTTP/1.1 200 OK"
2026-06-10 21:15:17,194 [INFO] HTTP Request: POST https://api.telegram.org/bot8671642786:AAEdXZhmLboGWbHOxMLoR1SBH2aFYX7vkXY/getUpdates "HTTP/1.1 200 OK"
2026-06-10 21:15:22,971 [INFO] HTTP Request: POST https://api.telegram.org/bot8671642786:AAEdXZhmLboGWbHOxMLoR1SBH2aFYX7vkXY/getUpdates "HTTP/1.1 200 OK"
2026-06-10 21:15:22,974 [INFO] Application is stopping. This might take a moment.
2026-06-10 21:15:22,975 [INFO] Application.stop() complete
